[2024-05-15T08:56:59.352Z] Launching the application
[2024-05-15T08:57:02.475Z] Launching the application
[2024-05-15T08:57:27.351Z] Launching the application
[2024-05-15T08:57:47.707Z] Launching the application
[2024-05-15T08:57:55.304Z] Entering User Id
[2024-05-15T08:57:56.204Z] Entering user password
[2024-05-15T08:57:56.686Z] Clicking on Login button
[2024-05-15T08:57:58.956Z] Login Successfully.
[2024-05-15T08:57:58.973Z] Verifying login is successfully
[2024-05-15T08:57:59.412Z] ==========================================
[2024-05-15T08:58:00.787Z] Launching the application
[2024-05-15T08:58:04.251Z] Entering User Id
[2024-05-15T08:58:05.609Z] Entering user password
[2024-05-15T08:58:06.012Z] Clicking on Login button
[2024-05-15T08:58:07.292Z] Login Successfully.
[2024-05-15T08:58:07.320Z] Clicking on PIM module
[2024-05-15T08:58:09.235Z] Clicking on Add button
[2024-05-15T08:58:24.708Z] Entering first name
[2024-05-15T08:58:26.188Z] Entering last name
[2024-05-15T08:58:26.470Z] Clicking on Save Button
[2024-05-15T08:58:26.589Z] Validate Successfully Toast Message
[2024-05-15T08:58:27.867Z] ==========================================
[2024-05-15T08:58:31.710Z] Launching the application
[2024-05-15T08:58:38.067Z] Launching the application
[2024-05-15T08:59:38.520Z] Launching the application
[2024-05-15T08:59:47.381Z] Entering User Id
[2024-05-15T08:59:48.164Z] Entering user password
[2024-05-15T08:59:48.643Z] Clicking on Login button
[2024-05-15T08:59:50.928Z] Login Successfully.
[2024-05-15T08:59:50.973Z] Clicking on PIM module
[2024-05-15T08:59:53.667Z] Clicking on Add button
[2024-05-15T08:59:57.760Z] Entering first name
[2024-05-15T08:59:59.566Z] Entering last name
[2024-05-15T08:59:59.852Z] Clicking on Save Button
[2024-05-15T09:00:00.036Z] Validate Successfully Toast Message
[2024-05-15T09:00:04.457Z] Launching the application
[2024-05-15T09:00:12.905Z] Entering User Id
[2024-05-15T09:00:15.628Z] Entering user password
[2024-05-15T09:00:16.046Z] Clicking on Login button
[2024-05-15T09:00:27.972Z] Login Successfully.
[2024-05-15T09:00:28.294Z] Clicking on PIM module
[2024-05-15T09:00:31.271Z] Clicking on Add button
[2024-05-15T09:00:32.933Z] Entering first name
[2024-05-15T09:00:33.974Z] Entering last name
[2024-05-15T09:00:34.352Z] Clicking on Save Button
[2024-05-15T09:00:34.523Z] Validate Successfully Toast Message
[2024-05-15T09:00:38.955Z] Launching the application
[2024-05-15T09:00:39.679Z] Entering User Id
[2024-05-15T09:00:40.857Z] Entering user password
[2024-05-15T09:00:41.210Z] Clicking on Login button
[2024-05-15T09:00:42.613Z] Login Successfully.
[2024-05-15T09:00:42.666Z] Clicking on PIM module
[2024-05-15T09:00:44.665Z] Clicking on Add button
[2024-05-15T09:00:46.574Z] Entering first name
[2024-05-15T09:00:47.573Z] Entering last name
[2024-05-15T09:00:47.921Z] Clicking on Save Button
[2024-05-15T09:00:48.109Z] Validate Successfully Toast Message
[2024-05-15T09:00:52.476Z] Launching the application
[2024-05-15T09:00:53.147Z] Entering User Id
[2024-05-15T09:00:54.304Z] Entering user password
[2024-05-15T09:00:54.554Z] Clicking on Login button
[2024-05-15T09:00:55.814Z] Login Successfully.
[2024-05-15T09:00:55.847Z] Clicking on PIM module
[2024-05-15T09:00:57.776Z] Clicking on Add button
[2024-05-15T09:00:59.649Z] Entering first name
[2024-05-15T09:01:04.655Z] Launching the application
[2024-05-15T09:01:05.604Z] Entering User Id
[2024-05-15T09:01:07.533Z] Entering user password
[2024-05-15T09:01:07.885Z] Clicking on Login button
[2024-05-15T09:01:09.680Z] Login Successfully.
[2024-05-15T09:01:09.758Z] Clicking on PIM module
[2024-05-15T09:01:11.470Z] Clicking on Add button
[2024-05-15T09:01:14.306Z] Entering first name
[2024-05-15T09:01:15.448Z] Entering last name
[2024-05-15T09:01:15.780Z] Clicking on Save Button
[2024-05-15T09:01:16.000Z] Validate Successfully Toast Message
[2024-05-15T09:01:20.464Z] Launching the application
[2024-05-15T09:01:21.217Z] Entering User Id
[2024-05-15T09:01:22.282Z] Entering user password
[2024-05-15T09:01:22.550Z] Clicking on Login button
[2024-05-15T09:01:23.825Z] Login Successfully.
[2024-05-15T09:01:23.893Z] Clicking on PIM module
[2024-05-15T09:01:25.651Z] Clicking on Add button
[2024-05-15T09:01:27.863Z] Entering first name
[2024-05-15T09:01:29.045Z] Entering last name
[2024-05-15T09:01:29.436Z] Clicking on Save Button
[2024-05-15T09:01:29.739Z] Validate Successfully Toast Message
[2024-05-15T09:01:34.129Z] Launching the application
[2024-05-15T09:01:34.907Z] Entering User Id
[2024-05-15T09:01:36.132Z] Entering user password
[2024-05-15T09:01:36.550Z] Clicking on Login button
[2024-05-15T09:01:38.157Z] Login Successfully.
[2024-05-15T09:01:38.232Z] Clicking on PIM module
[2024-05-15T09:01:40.553Z] Clicking on Add button
[2024-05-15T09:01:43.155Z] Entering first name
[2024-05-15T09:01:44.395Z] Entering last name
[2024-05-15T09:01:44.755Z] Clicking on Save Button
[2024-05-15T09:01:45.060Z] Validate Successfully Toast Message
[2024-05-15T09:37:36.223Z] Launching the application
[2024-05-15T09:37:39.706Z] Launching the application
[2024-05-15T09:38:40.226Z] Launching the application
[2024-05-15T09:38:45.972Z] Entering User Id
[2024-05-15T09:38:46.768Z] Entering user password
[2024-05-15T09:38:47.362Z] Clicking on Login button
[2024-05-15T09:38:49.435Z] Login Successfully.
[2024-05-15T09:38:49.457Z] Verifying login is successfully
[2024-05-15T09:38:49.872Z] ==========================================
[2024-05-15T09:38:51.190Z] Launching the application
[2024-05-15T09:39:51.747Z] Launching the application
[2024-05-15T09:39:53.967Z] Entering User Id
[2024-05-15T09:39:54.779Z] Entering user password
[2024-05-15T09:39:55.034Z] Clicking on Login button
[2024-05-15T09:39:57.106Z] Login Successfully.
[2024-05-15T09:39:57.136Z] Clicking on PIM module
[2024-05-15T09:41:01.676Z] Launching the application
[2024-05-15T09:41:05.674Z] Launching the application
[2024-05-15T09:42:18.309Z] Launching the application
[2024-05-15T09:42:26.635Z] Launching the application
[2024-05-15T09:43:06.374Z] Launching the application
[2024-05-15T09:43:17.721Z] Launching the application
[2024-05-15T09:43:22.265Z] Entering User Id
[2024-05-15T09:43:24.888Z] Entering user password
[2024-05-15T09:43:25.504Z] Clicking on Login button
[2024-05-15T09:43:27.519Z] Login Successfully.
[2024-05-15T09:43:27.987Z] Verifying login is successfully
[2024-05-15T09:43:29.822Z] ==========================================
[2024-05-15T09:43:30.023Z] Launching the application
[2024-05-15T09:43:31.375Z] Entering User Id
[2024-05-15T09:43:32.549Z] Entering user password
[2024-05-15T09:43:33.134Z] Clicking on Login button
[2024-05-15T09:43:35.722Z] Login Successfully.
[2024-05-15T09:43:35.749Z] Clicking on PIM module
[2024-05-15T09:43:38.445Z] Clicking on Add button
[2024-05-15T09:43:42.892Z] Entering first name
[2024-05-15T09:43:44.198Z] Entering last name
[2024-05-15T09:43:44.448Z] Entering Emp ID
[2024-05-15T09:43:44.885Z] Clicking on Save Button
[2024-05-15T09:43:45.016Z] Validate Successfully Toast Message
[2024-05-15T09:43:49.587Z] Launching the application
[2024-05-15T09:43:50.496Z] Entering User Id
[2024-05-15T09:43:53.508Z] Entering user password
[2024-05-15T09:43:53.844Z] Clicking on Login button
[2024-05-15T09:43:56.551Z] Login Successfully.
[2024-05-15T09:43:56.604Z] Clicking on PIM module
[2024-05-15T09:43:58.499Z] Clicking on Add button
[2024-05-15T09:44:01.194Z] Entering first name
[2024-05-15T09:44:02.447Z] Entering last name
[2024-05-15T09:44:02.762Z] Entering Emp ID
[2024-05-15T09:44:03.274Z] Clicking on Save Button
[2024-05-15T09:44:03.508Z] Validate Successfully Toast Message
[2024-05-15T09:44:12.531Z] Launching the application
[2024-05-15T09:44:16.502Z] Launching the application
[2024-05-15T09:44:39.946Z] Launching the application
[2024-05-15T09:44:46.689Z] Entering User Id
[2024-05-15T09:44:47.613Z] Entering user password
[2024-05-15T09:44:48.052Z] Clicking on Login button
[2024-05-15T09:44:49.656Z] Login Successfully.
[2024-05-15T09:44:49.704Z] Clicking on PIM module
[2024-05-15T09:44:51.591Z] Clicking on Add button
[2024-05-15T09:44:55.074Z] Entering first name
[2024-05-15T09:44:56.765Z] Entering last name
[2024-05-15T09:44:57.134Z] Entering Emp ID
[2024-05-15T09:44:57.633Z] Clicking on Save Button
[2024-05-15T09:44:57.800Z] Validate Successfully Toast Message
[2024-05-15T09:45:02.299Z] Launching the application
[2024-05-15T09:45:03.069Z] Entering User Id
[2024-05-15T09:52:56.639Z] Launching the application
[2024-05-15T09:53:01.629Z] Launching the application
[2024-05-15T09:53:08.564Z] Entering User Id
[2024-05-15T09:53:09.784Z] Entering user password
[2024-05-15T09:53:10.295Z] Clicking on Login button
[2024-05-15T09:53:13.017Z] Login Successfully.
[2024-05-15T09:53:13.049Z] Verifying login is successfully
[2024-05-15T09:53:13.729Z] ==========================================
[2024-05-15T09:53:14.882Z] Launching the application
[2024-05-15T09:53:17.035Z] Entering User Id
[2024-05-15T09:53:17.824Z] Entering user password
[2024-05-15T09:53:18.107Z] Clicking on Login button
[2024-05-15T09:53:19.351Z] Login Successfully.
[2024-05-15T09:53:19.376Z] Clicking on PIM module
[2024-05-15T09:53:21.669Z] Clicking on Add button
[2024-05-15T09:53:23.543Z] Entering first name
[2024-05-15T09:53:24.622Z] Entering last name
[2024-05-15T09:53:24.864Z] Entering Emp ID
[2024-05-15T09:53:25.337Z] Launching the application
[2024-05-15T09:53:26.048Z] Entering User Id
[2024-05-15T09:53:27.272Z] Entering user password
[2024-05-15T09:53:27.556Z] Clicking on Login button
[2024-05-15T09:53:29.336Z] Login Successfully.
[2024-05-15T09:53:29.368Z] Clicking on PIM module
[2024-05-15T09:53:31.270Z] Clicking on Add button
[2024-05-15T09:53:32.649Z] Entering first name
[2024-05-15T09:53:33.752Z] Entering last name
[2024-05-15T09:53:34.057Z] Entering Emp ID
[2024-05-15T09:53:38.561Z] Launching the application
[2024-05-15T09:53:40.931Z] Launching the application
[2024-05-15T09:53:45.471Z] Entering User Id
[2024-05-15T09:53:46.236Z] Entering user password
[2024-05-15T09:53:46.526Z] Clicking on Login button
[2024-05-15T09:53:48.736Z] Login Successfully.
[2024-05-15T09:53:48.753Z] Clicking on PIM module
[2024-05-15T09:53:51.525Z] Clicking on Add button
[2024-05-15T09:54:52.484Z] Launching the application
[2024-05-15T09:58:10.991Z] Launching the application
[2024-05-15T09:58:25.633Z] Launching the application
[2024-05-15T09:58:44.969Z] Launching the application
[2024-05-15T09:59:07.810Z] Launching the application
[2024-05-15T09:59:12.362Z] Entering User Id
[2024-05-15T09:59:13.176Z] Entering user password
[2024-05-15T09:59:13.529Z] Clicking on Login button
[2024-05-15T09:59:15.222Z] Login Successfully.
[2024-05-15T09:59:15.244Z] Clicking on PIM module
[2024-05-15T09:59:18.543Z] Clicking on Add button
[2024-05-15T09:59:20.273Z] Entering first name
[2024-05-15T09:59:21.513Z] Entering last name
[2024-05-15T09:59:21.779Z] Entering Emp ID
[2024-05-15T09:59:22.342Z] Launching the application
[2024-05-15T09:59:23.118Z] Entering User Id
[2024-05-15T09:59:24.244Z] Entering user password
[2024-05-15T09:59:24.544Z] Clicking on Login button
[2024-05-15T09:59:25.906Z] Login Successfully.
[2024-05-15T09:59:25.953Z] Clicking on PIM module
[2024-05-15T09:59:28.053Z] Clicking on Add button
[2024-05-15T09:59:29.796Z] Entering first name
[2024-05-15T09:59:30.884Z] Entering last name
[2024-05-15T09:59:31.159Z] Entering Emp ID
[2024-05-15T10:02:38.715Z] Launching the application
[2024-05-15T10:02:47.118Z] Launching the application
[2024-05-15T10:03:09.422Z] Launching the application
[2024-05-15T10:03:22.042Z] Launching the application
[2024-05-15T10:03:38.040Z] Launching the application
[2024-05-15T10:03:44.280Z] Entering User Id
[2024-05-15T10:03:45.026Z] Entering user password
[2024-05-15T10:03:45.440Z] Clicking on Login button
[2024-05-15T10:03:46.905Z] Login Successfully.
[2024-05-15T10:03:46.930Z] Clicking on PIM module
[2024-05-15T10:03:51.139Z] Clicking on Add button
[2024-05-15T10:03:52.921Z] Entering first name
[2024-05-15T10:03:54.186Z] Entering last name
[2024-05-15T10:03:54.402Z] Entering Emp ID
[2024-05-15T10:03:54.702Z] Clicking on Save Button
[2024-05-15T10:03:54.816Z] Validate Successfully Toast Message
[2024-05-15T10:03:56.740Z] ==========================================
[2024-05-15T10:04:41.241Z] Launching the application
[2024-05-15T10:04:47.069Z] Launching the application
[2024-05-15T10:05:04.282Z] Launching the application
[2024-05-15T10:05:17.416Z] Launching the application
[2024-05-15T10:05:22.061Z] Entering User Id
[2024-05-15T10:05:22.890Z] Entering user password
[2024-05-15T10:05:23.215Z] Clicking on Login button
[2024-05-15T10:05:25.486Z] Login Successfully.
[2024-05-15T10:05:25.502Z] Clicking on PIM module
[2024-05-15T10:05:29.971Z] Launching the application
[2024-05-15T10:07:12.346Z] Launching the application
[2024-05-15T10:07:15.685Z] Launching the application
[2024-05-15T10:07:28.920Z] Launching the application
[2024-05-15T10:07:33.063Z] Entering User Id
[2024-05-15T10:07:33.947Z] Entering user password
[2024-05-15T10:07:34.267Z] Clicking on Login button
[2024-05-15T10:07:36.491Z] Login Successfully.
[2024-05-15T10:07:36.510Z] Clicking on PIM module
[2024-05-15T10:07:38.817Z] Clicking on Add button
[2024-05-15T10:07:41.940Z] Entering first name
[2024-05-15T10:07:43.898Z] Entering last name
[2024-05-15T10:07:44.121Z] Entering Emp ID
[2024-05-15T10:07:44.531Z] Clicking on Save Button
[2024-05-15T10:07:44.672Z] Validate Successfully Toast Message
[2024-05-15T10:07:46.918Z] ==========================================
[2024-05-15T10:09:19.985Z] Launching the application
[2024-05-15T10:09:26.364Z] Launching the application
[2024-05-15T10:09:45.997Z] Launching the application
[2024-05-15T10:09:51.514Z] Entering User Id
[2024-05-15T10:09:53.557Z] Entering user password
[2024-05-15T10:09:54.102Z] Clicking on Login button
[2024-05-15T10:09:56.644Z] Login Successfully.
[2024-05-15T10:09:56.661Z] Clicking on PIM module
[2024-05-15T10:09:59.787Z] Clicking on Add button
[2024-05-15T10:10:02.223Z] Entering first name
[2024-05-15T10:10:03.431Z] Entering last name
[2024-05-15T10:10:03.634Z] Entering Emp ID
[2024-05-15T10:10:03.932Z] Clicking on Save Button
[2024-05-15T10:10:04.048Z] Validate Successfully Toast Message
[2024-05-15T10:10:05.479Z] ==========================================
[2024-05-15T10:10:07.727Z] Launching the application
[2024-05-15T10:10:10.011Z] Launching the application
[2024-05-15T10:10:14.391Z] Entering User Id
[2024-05-15T10:10:15.195Z] Entering user password
[2024-05-15T10:10:15.544Z] Clicking on Login button
[2024-05-15T10:10:17.840Z] Login Successfully.
[2024-05-15T10:10:17.873Z] Clicking on PIM module
[2024-05-15T10:10:20.589Z] Clicking on Add button
[2024-05-15T10:10:22.634Z] Entering first name
[2024-05-15T10:10:23.894Z] Entering last name
[2024-05-15T10:10:24.140Z] Entering Emp ID
[2024-05-15T10:10:24.473Z] Clicking on Save Button
[2024-05-15T10:10:24.573Z] Validate Successfully Toast Message
[2024-05-15T10:10:28.979Z] Launching the application
[2024-05-15T10:10:29.734Z] Entering User Id
[2024-05-15T10:10:30.940Z] Entering user password
[2024-05-15T10:10:31.206Z] Clicking on Login button
[2024-05-15T10:10:32.558Z] Login Successfully.
[2024-05-15T10:10:32.588Z] Clicking on PIM module
[2024-05-15T10:10:34.345Z] Clicking on Add button
[2024-05-15T10:10:48.953Z] Entering first name
[2024-05-15T10:10:53.377Z] Launching the application
[2024-05-15T10:10:54.447Z] Entering User Id
[2024-05-15T10:10:58.781Z] Launching the application
[2024-05-15T10:11:00.340Z] Entering User Id
[2024-05-15T10:11:03.384Z] Entering user password
[2024-05-15T10:11:03.649Z] Clicking on Login button
[2024-05-15T10:11:05.787Z] Login Successfully.
[2024-05-15T10:11:06.120Z] Clicking on PIM module
[2024-05-15T10:11:07.768Z] Clicking on Add button
[2024-05-15T10:11:11.190Z] Entering first name
[2024-05-15T10:11:12.375Z] Entering last name
[2024-05-15T10:11:12.646Z] Entering Emp ID
[2024-05-15T10:11:12.998Z] Clicking on Save Button
[2024-05-15T10:11:13.138Z] Validate Successfully Toast Message
[2024-05-15T10:11:14.582Z] ==========================================
[2024-05-15T10:11:14.731Z] Launching the application
[2024-05-15T10:11:15.415Z] Entering User Id
[2024-05-15T10:11:16.918Z] Entering user password
[2024-05-15T10:11:17.185Z] Clicking on Login button
[2024-05-15T10:11:18.657Z] Login Successfully.
[2024-05-15T10:11:18.688Z] Clicking on PIM module
[2024-05-15T10:11:21.094Z] Clicking on Add button
[2024-05-15T10:11:30.322Z] Entering first name
[2024-05-15T10:11:31.765Z] Entering last name
[2024-05-15T10:11:32.012Z] Entering Emp ID
[2024-05-15T10:11:32.398Z] Clicking on Save Button
[2024-05-15T10:11:32.538Z] Validate Successfully Toast Message
[2024-05-15T10:11:33.915Z] ==========================================
[2024-05-15T10:11:34.091Z] Launching the application
[2024-05-15T10:11:34.870Z] Entering User Id
[2024-05-15T10:11:36.981Z] Entering user password
[2024-05-15T10:11:37.264Z] Clicking on Login button
[2024-05-15T10:11:38.616Z] Login Successfully.
[2024-05-15T10:11:38.639Z] Clicking on PIM module
[2024-05-15T10:11:40.620Z] Clicking on Add button
[2024-05-15T10:11:43.133Z] Entering first name
[2024-05-15T10:11:44.180Z] Entering last name
[2024-05-15T10:11:44.442Z] Entering Emp ID
[2024-05-15T10:11:44.826Z] Clicking on Save Button
[2024-05-15T10:11:44.978Z] Validate Successfully Toast Message
[2024-05-15T10:11:46.394Z] ==========================================
[2024-05-16T05:19:46.904Z] Launching the application
[2024-05-16T05:19:50.246Z] Launching the application
[2024-05-16T05:19:52.677Z] Entering User Id
[2024-05-16T05:19:53.241Z] Entering user password
[2024-05-16T05:19:53.535Z] Clicking on Login button
[2024-05-16T05:19:54.829Z] Login Successfully.
[2024-05-16T05:19:54.842Z] Clicking on PIM module
[2024-05-16T05:19:57.031Z] Clicking on Add button
[2024-05-16T05:19:58.615Z] Entering first name
[2024-05-16T05:19:59.639Z] Entering last name
[2024-05-16T05:19:59.855Z] Entering Emp ID
[2024-05-16T05:20:00.204Z] Clicking on Save Button
[2024-05-16T05:20:00.337Z] Validate Successfully Toast Message
[2024-05-16T05:20:01.699Z] ==========================================
[2024-05-16T05:20:04.268Z] Launching the application
[2024-05-16T05:20:06.639Z] Launching the application
[2024-05-16T05:20:08.914Z] Entering User Id
[2024-05-16T05:20:09.520Z] Entering user password
[2024-05-16T05:20:09.809Z] Clicking on Login button
[2024-05-16T05:20:11.222Z] Login Successfully.
[2024-05-16T05:20:11.243Z] Clicking on PIM module
[2024-05-16T05:20:13.085Z] Clicking on Add button
[2024-05-16T05:20:15.683Z] Entering first name
[2024-05-16T05:20:16.691Z] Entering last name
[2024-05-16T05:20:16.892Z] Entering Emp ID
[2024-05-16T05:20:17.187Z] Clicking on Save Button
[2024-05-16T05:20:17.291Z] Validate Successfully Toast Message
[2024-05-16T05:20:18.655Z] ==========================================
[2024-05-16T05:20:18.742Z] Launching the application
[2024-05-16T05:20:19.499Z] Entering User Id
[2024-05-16T05:20:20.658Z] Entering user password
[2024-05-16T05:20:20.890Z] Clicking on Login button
[2024-05-16T05:20:22.286Z] Login Successfully.
[2024-05-16T05:20:22.313Z] Clicking on PIM module
[2024-05-16T05:20:23.941Z] Clicking on Add button
[2024-05-16T05:20:26.203Z] Entering first name
[2024-05-16T05:20:27.238Z] Entering last name
[2024-05-16T05:20:27.518Z] Entering Emp ID
[2024-05-16T05:20:27.839Z] Clicking on Save Button
[2024-05-16T05:20:27.947Z] Validate Successfully Toast Message
[2024-05-16T05:20:29.201Z] ==========================================
[2024-05-16T05:20:29.270Z] Launching the application
[2024-05-16T05:20:29.926Z] Entering User Id
[2024-05-16T05:20:31.038Z] Entering user password
[2024-05-16T05:20:31.270Z] Clicking on Login button
[2024-05-16T05:20:32.455Z] Login Successfully.
[2024-05-16T05:20:32.472Z] Clicking on PIM module
[2024-05-16T05:20:34.450Z] Clicking on Add button
[2024-05-16T05:20:35.847Z] Entering first name
[2024-05-16T05:20:37.326Z] Entering last name
[2024-05-16T05:20:37.554Z] Entering Emp ID
[2024-05-16T05:20:37.887Z] Clicking on Save Button
[2024-05-16T05:20:38.019Z] Validate Successfully Toast Message
[2024-05-16T05:20:39.430Z] ==========================================
[2024-05-16T05:20:39.496Z] Launching the application
[2024-05-16T05:20:40.304Z] Entering User Id
[2024-05-16T05:20:41.468Z] Entering user password
[2024-05-16T05:20:41.719Z] Clicking on Login button
[2024-05-16T05:20:43.012Z] Login Successfully.
[2024-05-16T05:20:43.031Z] Clicking on PIM module
[2024-05-16T05:20:44.942Z] Clicking on Add button
[2024-05-16T05:20:46.771Z] Entering first name
[2024-05-16T05:20:48.771Z] Entering last name
[2024-05-16T05:20:48.968Z] Entering Emp ID
[2024-05-16T05:20:49.300Z] Clicking on Save Button
[2024-05-16T05:20:49.400Z] Validate Successfully Toast Message
[2024-05-16T05:20:50.706Z] ==========================================
[2024-05-16T06:00:29.187Z] Launching the application
[2024-05-16T06:00:32.631Z] Launching the application
[2024-05-16T06:00:35.180Z] Entering User Id
[2024-05-16T06:00:35.749Z] Entering user password
[2024-05-16T06:00:36.074Z] Clicking on Login button
[2024-05-16T06:00:37.354Z] Login Successfully.
[2024-05-16T06:00:37.371Z] Clicking on PIM module
[2024-05-16T06:00:39.274Z] Clicking on Add button
[2024-05-16T06:00:40.991Z] Entering first name
[2024-05-16T06:00:42.166Z] Entering last name
[2024-05-16T06:00:42.374Z] Entering Emp ID
[2024-05-16T06:00:42.687Z] Clicking on Save Button
[2024-05-16T06:00:42.806Z] Validate Successfully Toast Message
[2024-05-16T06:00:44.135Z] ==========================================
[2024-05-16T06:00:46.309Z] Launching the application
[2024-05-16T06:00:48.416Z] Launching the application
[2024-05-16T06:00:50.656Z] Entering User Id
[2024-05-16T06:00:51.227Z] Entering user password
[2024-05-16T06:00:51.513Z] Clicking on Login button
[2024-05-16T06:00:52.878Z] Login Successfully.
[2024-05-16T06:00:52.893Z] Clicking on PIM module
[2024-05-16T06:00:54.960Z] Clicking on Add button
[2024-05-16T06:00:56.546Z] Entering first name
[2024-05-16T06:00:57.519Z] Entering last name
[2024-05-16T06:00:57.735Z] Entering Emp ID
[2024-05-16T06:00:58.052Z] Clicking on Save Button
[2024-05-16T06:00:58.152Z] Validate Successfully Toast Message
[2024-05-16T06:00:59.382Z] ==========================================
[2024-05-16T06:00:59.507Z] Launching the application
[2024-05-16T06:01:00.139Z] Entering User Id
[2024-05-16T06:01:01.235Z] Entering user password
[2024-05-16T06:01:01.464Z] Clicking on Login button
[2024-05-16T06:01:02.769Z] Login Successfully.
[2024-05-16T06:01:02.789Z] Clicking on PIM module
[2024-05-16T06:01:05.015Z] Clicking on Add button
[2024-05-16T06:01:06.532Z] Entering first name
[2024-05-16T06:01:07.529Z] Entering last name
[2024-05-16T06:01:07.768Z] Entering Emp ID
[2024-05-16T06:01:08.098Z] Clicking on Save Button
[2024-05-16T06:01:08.209Z] Validate Successfully Toast Message
[2024-05-16T06:01:09.523Z] ==========================================
[2024-05-16T06:01:09.599Z] Launching the application
[2024-05-16T06:01:10.263Z] Entering User Id
[2024-05-16T06:01:11.382Z] Entering user password
[2024-05-16T06:01:11.631Z] Clicking on Login button
[2024-05-16T06:01:12.968Z] Login Successfully.
[2024-05-16T06:01:12.985Z] Clicking on PIM module
[2024-05-16T06:01:15.141Z] Clicking on Add button
[2024-05-16T06:01:16.837Z] Entering first name
[2024-05-16T06:01:17.912Z] Entering last name
[2024-05-16T06:01:18.128Z] Entering Emp ID
[2024-05-16T06:01:18.431Z] Clicking on Save Button
[2024-05-16T06:01:18.531Z] Validate Successfully Toast Message
[2024-05-16T06:01:19.903Z] ==========================================
[2024-05-16T06:01:19.988Z] Launching the application
[2024-05-16T06:01:20.605Z] Entering User Id
[2024-05-16T06:01:21.611Z] Entering user password
[2024-05-16T06:01:21.848Z] Clicking on Login button
[2024-05-16T06:01:23.010Z] Login Successfully.
[2024-05-16T06:01:23.025Z] Clicking on PIM module
[2024-05-16T06:01:24.763Z] Clicking on Add button
[2024-05-16T06:01:26.303Z] Entering first name
[2024-05-16T06:01:27.322Z] Entering last name
[2024-05-16T06:01:27.538Z] Entering Emp ID
[2024-05-16T06:01:27.845Z] Clicking on Save Button
[2024-05-16T06:01:27.946Z] Validate Successfully Toast Message
[2024-05-16T06:01:29.248Z] ==========================================
[2024-05-16T07:05:52.296Z] Launching the application
[2024-05-16T07:05:56.505Z] Launching the application
[2024-05-16T07:05:59.333Z] Entering User Id
[2024-05-16T07:05:59.951Z] Entering user password
[2024-05-16T07:06:00.316Z] Clicking on Login button
[2024-05-16T07:06:01.989Z] Login Successfully.
[2024-05-16T07:06:02.010Z] Clicking on PIM module
[2024-05-16T07:06:04.916Z] Clicking on Add button
[2024-05-16T07:06:07.086Z] Entering first name
[2024-05-16T07:06:08.365Z] Entering last name
[2024-05-16T07:06:08.581Z] Entering Emp ID
[2024-05-16T07:06:08.924Z] Clicking on Save Button
[2024-05-16T07:06:09.050Z] Validate Successfully Toast Message
[2024-05-16T07:06:10.391Z] ==========================================
[2024-05-16T07:06:12.728Z] Launching the application
[2024-05-16T07:06:14.928Z] Launching the application
[2024-05-16T07:06:17.113Z] Entering User Id
[2024-05-16T07:06:17.717Z] Entering user password
[2024-05-16T07:06:18.010Z] Clicking on Login button
[2024-05-16T07:06:19.401Z] Login Successfully.
[2024-05-16T07:06:19.417Z] Clicking on PIM module
[2024-05-16T07:06:21.324Z] Clicking on Add button
[2024-05-16T07:06:23.275Z] Entering first name
[2024-05-16T07:06:24.677Z] Entering last name
[2024-05-16T07:06:24.909Z] Entering Emp ID
[2024-05-16T07:06:25.277Z] Clicking on Save Button
[2024-05-16T07:06:25.431Z] Validate Successfully Toast Message
[2024-05-16T07:06:26.705Z] ==========================================
[2024-05-16T07:06:26.830Z] Launching the application
[2024-05-16T07:06:27.533Z] Entering User Id
[2024-05-16T07:06:28.575Z] Entering user password
[2024-05-16T07:06:28.813Z] Clicking on Login button
[2024-05-16T07:06:30.060Z] Login Successfully.
[2024-05-16T07:06:30.100Z] Clicking on PIM module
[2024-05-16T07:06:32.792Z] Clicking on Add button
[2024-05-16T07:06:35.005Z] Entering first name
[2024-05-16T07:06:36.070Z] Entering last name
[2024-05-16T07:06:36.327Z] Entering Emp ID
[2024-05-16T07:06:36.623Z] Clicking on Save Button
[2024-05-16T07:06:36.761Z] Validate Successfully Toast Message
[2024-05-16T07:06:41.174Z] Launching the application
[2024-05-16T07:06:41.782Z] Entering User Id
[2024-05-16T07:06:42.764Z] Entering user password
[2024-05-16T07:06:43.043Z] Clicking on Login button
[2024-05-16T07:06:44.234Z] Login Successfully.
[2024-05-16T07:06:44.261Z] Clicking on PIM module
[2024-05-16T07:06:46.483Z] Clicking on Add button
[2024-05-16T07:06:48.297Z] Entering first name
[2024-05-16T07:06:49.543Z] Entering last name
[2024-05-16T07:06:49.806Z] Entering Emp ID
[2024-05-16T07:06:50.223Z] Clicking on Save Button
[2024-05-16T07:06:50.373Z] Validate Successfully Toast Message
[2024-05-16T07:06:52.146Z] ==========================================
[2024-05-16T07:06:52.247Z] Launching the application
[2024-05-16T07:06:52.870Z] Entering User Id
[2024-05-16T07:06:53.924Z] Entering user password
[2024-05-16T07:06:54.174Z] Clicking on Login button
[2024-05-16T07:06:55.488Z] Login Successfully.
[2024-05-16T07:06:55.504Z] Clicking on PIM module
[2024-05-16T07:06:57.344Z] Clicking on Add button
[2024-05-16T07:06:59.286Z] Entering first name
[2024-05-16T07:07:00.905Z] Entering last name
[2024-05-16T07:07:01.114Z] Entering Emp ID
[2024-05-16T07:07:01.439Z] Clicking on Save Button
[2024-05-16T07:07:01.536Z] Validate Successfully Toast Message
[2024-05-16T07:07:02.847Z] ==========================================
[2024-05-16T07:07:02.916Z] Launching the application
[2024-05-16T07:07:03.610Z] Entering User Id
[2024-05-16T07:07:04.726Z] Entering user password
[2024-05-16T07:07:05.004Z] Clicking on Login button
[2024-05-16T07:07:06.288Z] Login Successfully.
[2024-05-16T07:07:06.310Z] Clicking on PIM module
[2024-05-16T07:07:08.386Z] Clicking on Add button
[2024-05-16T07:07:10.112Z] Entering first name
[2024-05-16T07:07:11.269Z] Entering last name
[2024-05-16T07:07:11.485Z] Entering Emp ID
[2024-05-16T07:07:11.837Z] Clicking on Save Button
[2024-05-16T07:07:11.973Z] Validate Successfully Toast Message
[2024-05-16T07:07:13.309Z] ==========================================
[2024-05-16T07:09:48.954Z] Launching the application
[2024-05-16T07:09:52.311Z] Launching the application
[2024-05-16T07:09:54.737Z] Entering User Id
[2024-05-16T07:09:55.944Z] Entering user password
[2024-05-16T07:09:56.273Z] Clicking on Login button
[2024-05-16T07:09:57.605Z] Login Successfully.
[2024-05-16T07:09:57.618Z] Clicking on PIM module
[2024-05-16T07:09:59.578Z] Clicking on Add button
[2024-05-16T07:10:01.202Z] Entering first name
[2024-05-16T07:10:02.482Z] Entering last name
[2024-05-16T07:10:02.682Z] Entering Emp ID
[2024-05-16T07:10:02.981Z] Clicking on Save Button
[2024-05-16T07:10:03.089Z] Validate Successfully Toast Message
[2024-05-16T07:10:04.510Z] ==========================================
[2024-05-16T07:10:06.689Z] Launching the application
[2024-05-16T07:10:09.076Z] Launching the application
[2024-05-16T07:10:11.461Z] Entering User Id
[2024-05-16T07:10:12.050Z] Entering user password
[2024-05-16T07:10:12.364Z] Clicking on Login button
[2024-05-16T07:10:13.787Z] Login Successfully.
[2024-05-16T07:10:13.801Z] Clicking on PIM module
[2024-05-16T07:10:15.914Z] Clicking on Add button
[2024-05-16T07:10:17.542Z] Entering first name
[2024-05-16T07:10:18.579Z] Entering last name
[2024-05-16T07:10:18.779Z] Entering Emp ID
[2024-05-16T07:10:19.145Z] Clicking on Save Button
[2024-05-16T07:10:19.296Z] Validate Successfully Toast Message
[2024-05-16T07:10:20.700Z] ==========================================
[2024-05-16T07:10:20.792Z] Launching the application
[2024-05-16T07:10:21.526Z] Entering User Id
[2024-05-16T07:10:22.676Z] Entering user password
[2024-05-16T07:10:22.921Z] Clicking on Login button
[2024-05-16T07:10:24.308Z] Login Successfully.
[2024-05-16T07:10:24.346Z] Clicking on PIM module
[2024-05-16T07:10:26.235Z] Clicking on Add button
[2024-05-16T07:10:28.435Z] Entering first name
[2024-05-16T07:10:29.476Z] Entering last name
[2024-05-16T07:10:29.723Z] Entering Emp ID
[2024-05-16T07:10:30.043Z] Clicking on Save Button
[2024-05-16T07:10:30.145Z] Validate Successfully Toast Message
[2024-05-16T07:10:31.495Z] ==========================================
[2024-05-16T07:10:31.564Z] Launching the application
[2024-05-16T07:10:32.201Z] Entering User Id
[2024-05-16T07:10:33.312Z] Entering user password
[2024-05-16T07:10:33.592Z] Clicking on Login button
[2024-05-16T07:10:34.740Z] Login Successfully.
[2024-05-16T07:10:34.757Z] Clicking on PIM module
[2024-05-16T07:10:36.893Z] Clicking on Add button
[2024-05-16T07:10:38.815Z] Entering first name
[2024-05-16T07:10:40.087Z] Entering last name
[2024-05-16T07:10:40.307Z] Entering Emp ID
[2024-05-16T07:10:40.617Z] Clicking on Save Button
[2024-05-16T07:10:40.739Z] Validate Successfully Toast Message
[2024-05-16T07:10:42.104Z] ==========================================
[2024-05-16T07:10:42.180Z] Launching the application
[2024-05-16T07:10:42.812Z] Entering User Id
[2024-05-16T07:10:43.874Z] Entering user password
[2024-05-16T07:10:44.123Z] Clicking on Login button
[2024-05-16T07:10:45.313Z] Login Successfully.
[2024-05-16T07:10:45.335Z] Clicking on PIM module
[2024-05-16T07:10:47.452Z] Clicking on Add button
[2024-05-16T07:10:49.344Z] Entering first name
[2024-05-16T07:10:50.536Z] Entering last name
[2024-05-16T07:10:50.740Z] Entering Emp ID
[2024-05-16T07:10:51.073Z] Clicking on Save Button
[2024-05-16T07:10:51.170Z] Validate Successfully Toast Message
[2024-05-16T07:10:52.511Z] ==========================================
